Wed May 24 03:54:24 CST 2023 : Apache Derby Network Server - 10.11.1.2 - (1629631) started and ready to accept connections on port 1527
----------------------------------------------------------------
Wed May 24 03:54:25 CST 2023:
Booting Derby version The Apache Software Foundation - Apache Derby - 10.11.1.2 - (1629631): instance a816c00e-0188-4a2d-54af-ffffd42f8866 
on database directory C:\Users\Win10\Documents\GitHub\LibrarySystem_6.9\Database\accounts with class loader sun.misc.Launcher$AppClassLoader@1d44bcfa 
Loaded from file:/C:/Program%20Files/Java/jdk1.8.0_141/db/lib/derby.jar
java.vendor=Oracle Corporation
java.runtime.version=1.8.0_271-b09
user.dir=C:\Program Files\Java\jdk1.8.0_141\db
os.name=Windows 10
os.arch=amd64
os.version=10.0
derby.system.home=C:\Users\Win10\Documents\GitHub\LibrarySystem_6.9\Database
Database Class Loader started - derby.database.classpath=''
----------------------------------------------------------------
Wed May 24 03:54:32 CST 2023:
Booting Derby version The Apache Software Foundation - Apache Derby - 10.11.1.2 - (1629631): instance 6965c036-0188-4a2d-54af-ffffd42f8866 
on database directory C:\Users\Win10\Documents\GitHub\LibrarySystem_6.9\Database\books with class loader sun.misc.Launcher$AppClassLoader@1d44bcfa 
Loaded from file:/C:/Program%20Files/Java/jdk1.8.0_141/db/lib/derby.jar
java.vendor=Oracle Corporation
java.runtime.version=1.8.0_271-b09
user.dir=C:\Program Files\Java\jdk1.8.0_141\db
os.name=Windows 10
os.arch=amd64
os.version=10.0
derby.system.home=C:\Users\Win10\Documents\GitHub\LibrarySystem_6.9\Database
Database Class Loader started - derby.database.classpath=''
